[INFO] 2024-02-10T04:59:48.432Z 

                                   [32m██[39m╗[32m  ██[39m╗  [32m█████[39m╗   [32m██████[39m╗ [32m██[39m╗[32m  ██[39m╗ [32m██[39m╗[32m  ██[39m╗     [32m██████[39m╗   [32m██████[39m╗  [32m████████[39m╗
                                   [32m██[39m║[32m  ██[39m║ [32m██[39m╔══[32m██[39m╗ [32m██[39m╔════╝ ╚[32m██[39m╗[32m██[39m╔╝ [32m██[39m║[32m ██[39m╔╝     [32m██[39m╔══[32m██[39m╗ [32m██[39m╔═══[32m██[39m╗ ╚══[32m██[39m╔══╝
                                   [32m███████[39m║ [32m███████[39m║ [32m██[39m║       ╚[32m███[39m╔╝  [32m█████[39m╔╝      [32m██████[39m╔╝ [32m██[39m║[32m   ██[39m║ [32m   ██[39m║   
                                   [32m██[39m╔══[32m██[39m║ [32m██[39m╔══[32m██[39m║ [32m██[39m║       [32m██[39m╔[32m██[39m╗  [32m██[39m╔═[32m██[39m╗      [32m██[39m╔══[32m██[39m╗ [32m██[39m║[32m   ██[39m║ [32m   ██[39m║   
                                   [32m██[39m║[32m  ██[39m║ [32m██[39m║[32m  ██[39m║ ╚[32m██████[39m╗ [32m██[39m╔╝[32m ██[39m╗ [32m██[39m║[32m  ██[39m╗     [32m██████[39m╔╝ ╚[32m██████[39m╔╝ [32m   ██[39m║   
                                   ╚═╝  ╚═╝ ╚═╝  ╚═╝  ╚═════╝ ╚═╝  ╚═╝ ╚═╝  ╚═╝     ╚═════╝   ╚═════╝     ╚═╝   


[INFO] 2024-02-10T04:59:50.144Z Logged in successfully!
[INFO] 2024-02-10T05:00:15.890Z Message updated:
[INFO] 2024-02-10T05:00:15.891Z Your message has been updated!
[INFO] 2024-02-10T05:00:39.058Z 

                                   [32m██[39m╗[32m  ██[39m╗  [32m█████[39m╗   [32m██████[39m╗ [32m██[39m╗[32m  ██[39m╗ [32m██[39m╗[32m  ██[39m╗     [32m██████[39m╗   [32m██████[39m╗  [32m████████[39m╗
                                   [32m██[39m║[32m  ██[39m║ [32m██[39m╔══[32m██[39m╗ [32m██[39m╔════╝ ╚[32m██[39m╗[32m██[39m╔╝ [32m██[39m║[32m ██[39m╔╝     [32m██[39m╔══[32m██[39m╗ [32m██[39m╔═══[32m██[39m╗ ╚══[32m██[39m╔══╝
                                   [32m███████[39m║ [32m███████[39m║ [32m██[39m║       ╚[32m███[39m╔╝  [32m█████[39m╔╝      [32m██████[39m╔╝ [32m██[39m║[32m   ██[39m║ [32m   ██[39m║   
                                   [32m██[39m╔══[32m██[39m║ [32m██[39m╔══[32m██[39m║ [32m██[39m║       [32m██[39m╔[32m██[39m╗  [32m██[39m╔═[32m██[39m╗      [32m██[39m╔══[32m██[39m╗ [32m██[39m║[32m   ██[39m║ [32m   ██[39m║   
                                   [32m██[39m║[32m  ██[39m║ [32m██[39m║[32m  ██[39m║ ╚[32m██████[39m╗ [32m██[39m╔╝[32m ██[39m╗ [32m██[39m║[32m  ██[39m╗     [32m██████[39m╔╝ ╚[32m██████[39m╔╝ [32m   ██[39m║   
                                   ╚═╝  ╚═╝ ╚═╝  ╚═╝  ╚═════╝ ╚═╝  ╚═╝ ╚═╝  ╚═╝     ╚═════╝   ╚═════╝     ╚═╝   


[INFO] 2024-02-10T05:00:41.063Z Logged in successfully!
[INFO] 2024-02-10T05:00:49.188Z Message updated:
[INFO] 2024-02-10T05:00:49.188Z Your message has been updated!
